2021-04-25 18:00:35.220  INFO 10724 --- [main] c.h.s.SeamosAmigosApplication            : Starting SeamosAmigosApplication on LAPTOP-4I5AQTBL with PID 10724 (C:\Users\Himansh\Documents\GIT_Repo\seamos-amigos\seamos-amigos\target\classes started by Himansh in C:\Users\Himansh\Documents\GIT_Repo\seamos-amigos\seamos-amigos)
2021-04-25 18:00:35.222  INFO 10724 --- [main] c.h.s.SeamosAmigosApplication            : No active profile set, falling back to default profiles: default
2021-04-25 18:00:35.799  INFO 10724 --- [main] .s.d.r.c.RepositoryConfigurationDelegate : Bootstrapping Spring Data JPA repositories in DEFERRED mode.
2021-04-25 18:00:35.860  INFO 10724 --- [main] .s.d.r.c.RepositoryConfigurationDelegate : Finished Spring Data repository scanning in 53ms. Found 8 JPA repository interfaces.
2021-04-25 18:00:36.192  INFO 10724 --- [main] o.s.b.w.embedded.tomcat.TomcatWebServer  : Tomcat initialized with port(s): 5001 (http)
2021-04-25 18:00:36.197  INFO 10724 --- [main] o.apache.catalina.core.StandardService   : Starting service [Tomcat]
2021-04-25 18:00:36.198  INFO 10724 --- [main] org.apache.catalina.core.StandardEngine  : Starting Servlet engine: [Apache Tomcat/9.0.37]
2021-04-25 18:00:36.282  INFO 10724 --- [main] o.a.c.c.C.[Tomcat].[localhost].[/]       : Initializing Spring embedded WebApplicationContext
2021-04-25 18:00:36.283  INFO 10724 --- [main] w.s.c.ServletWebServerApplicationContext : Root WebApplicationContext: initialization completed in 1021 ms
2021-04-25 18:00:36.339  WARN 10724 --- [main] JpaBaseConfiguration$JpaWebConfiguration : spring.jpa.open-in-view is enabled by default. Therefore, database queries may be performed during view rendering. Explicitly configure spring.jpa.open-in-view to disable this warning
2021-04-25 18:00:36.414  INFO 10724 --- [main] o.s.s.concurrent.ThreadPoolTaskExecutor  : Initializing ExecutorService 'applicationTaskExecutor'
2021-04-25 18:00:36.440  INFO 10724 --- [task-1] o.hibernate.jpa.internal.util.LogHelper  : HHH000204: Processing PersistenceUnitInfo [name: default]
2021-04-25 18:00:36.475  INFO 10724 --- [task-1] org.hibernate.Version                    : HHH000412: Hibernate ORM core version 5.4.20.Final
2021-04-25 18:00:36.550  INFO 10724 --- [task-1] o.hibernate.annotations.common.Version   : HCANN000001: Hibernate Commons Annotations {5.1.0.Final}
2021-04-25 18:00:36.615  INFO 10724 --- [task-1] com.zaxxer.hikari.HikariDataSource       : HikariPool-1 - Starting...
2021-04-25 18:00:36.785  INFO 10724 --- [main] o.s.s.web.DefaultSecurityFilterChain     : Creating filter chain: Ant [pattern='/v2/api-docs'], []
2021-04-25 18:00:36.785  INFO 10724 --- [main] o.s.s.web.DefaultSecurityFilterChain     : Creating filter chain: Ant [pattern='/configuration/ui'], []
2021-04-25 18:00:36.785  INFO 10724 --- [main] o.s.s.web.DefaultSecurityFilterChain     : Creating filter chain: Ant [pattern='/swagger-resources/**'], []
2021-04-25 18:00:36.785  INFO 10724 --- [main] o.s.s.web.DefaultSecurityFilterChain     : Creating filter chain: Ant [pattern='/configuration/**'], []
2021-04-25 18:00:36.785  INFO 10724 --- [main] o.s.s.web.DefaultSecurityFilterChain     : Creating filter chain: Ant [pattern='/swagger-ui.html'], []
2021-04-25 18:00:36.785  INFO 10724 --- [main] o.s.s.web.DefaultSecurityFilterChain     : Creating filter chain: Ant [pattern='/webjars/**'], []
2021-04-25 18:00:36.785  INFO 10724 --- [main] o.s.s.web.DefaultSecurityFilterChain     : Creating filter chain: Ant [pattern='/api/seamos-amigos/users/register/**'], []
2021-04-25 18:00:36.785  INFO 10724 --- [main] o.s.s.web.DefaultSecurityFilterChain     : Creating filter chain: Ant [pattern='/api/seamos-amigos/users/login/**'], []
2021-04-25 18:00:36.807  INFO 10724 --- [main] pertySourcedRequestMappingHandlerMapping : Mapped URL path [/v2/api-docs] onto method [springfox.documentation.swagger2.web.Swagger2Controller#getDocumentation(String, HttpServletRequest)]
2021-04-25 18:00:36.867  INFO 10724 --- [task-1] com.zaxxer.hikari.HikariDataSource       : HikariPool-1 - Start completed.
2021-04-25 18:00:36.876  INFO 10724 --- [task-1] org.hibernate.dialect.Dialect            : HHH000400: Using dialect: org.hibernate.dialect.MySQL5Dialect
2021-04-25 18:00:36.884  INFO 10724 --- [main] o.s.s.web.DefaultSecurityFilterChain     : Creating filter chain: any request, [org.springframework.security.web.context.request.async.WebAsyncManagerIntegrationFilter@48cf8414, org.springframework.security.web.context.SecurityContextPersistenceFilter@bfb93cf, org.springframework.security.web.header.HeaderWriterFilter@328e4ec2, org.springframework.web.filter.CorsFilter@27dbaa33, org.springframework.security.web.authentication.logout.LogoutFilter@36dafa24, com.himansh.seamosamigos.utility.JwtRequestFilter@52abed9d, org.springframework.security.web.savedrequest.RequestCacheAwareFilter@7bc2ae16, org.springframework.security.web.servletapi.SecurityContextHolderAwareRequestFilter@334540a0, org.springframework.security.web.authentication.AnonymousAuthenticationFilter@15d65fcf, org.springframework.security.web.session.SessionManagementFilter@227a933d, org.springframework.security.web.access.ExceptionTranslationFilter@643f6179, org.springframework.security.web.access.intercept.FilterSecurityInterceptor@300bb303]
2021-04-25 18:00:37.056  INFO 10724 --- [main] o.s.b.w.embedded.tomcat.TomcatWebServer  : Tomcat started on port(s): 5001 (http) with context path ''
2021-04-25 18:00:37.057  INFO 10724 --- [main] d.s.w.p.DocumentationPluginsBootstrapper : Context refreshed
2021-04-25 18:00:37.068  INFO 10724 --- [main] d.s.w.p.DocumentationPluginsBootstrapper : Found 1 custom documentation plugin(s)
2021-04-25 18:00:37.097  INFO 10724 --- [main] s.d.s.w.s.ApiListingReferenceScanner     : Scanning for api listing references
2021-04-25 18:00:37.278  INFO 10724 --- [main] DeferredRepositoryInitializationListener : Triggering deferred initialization of Spring Data repositories…
2021-04-25 18:00:37.369  INFO 10724 --- [task-1] o.h.e.t.j.p.i.JtaPlatformInitiator       : HHH000490: Using JtaPlatform implementation: [org.hibernate.engine.transaction.jta.platform.internal.NoJtaPlatform]
2021-04-25 18:00:37.374  INFO 10724 --- [task-1] j.LocalContainerEntityManagerFactoryBean : Initialized JPA EntityManagerFactory for persistence unit 'default'
2021-04-25 18:00:37.694  INFO 10724 --- [main] DeferredRepositoryInitializationListener : Spring Data repositories initialized!
2021-04-25 18:00:37.700  INFO 10724 --- [main] c.h.s.SeamosAmigosApplication            : Started SeamosAmigosApplication in 2.719 seconds (JVM running for 3.137)
2021-04-25 18:02:52.354  INFO 10724 --- [RMI TCP Connection(12)-127.0.0.1] inMXBeanRegistrar$SpringApplicationAdmin : Application shutdown requested.
2021-04-25 18:02:52.374  INFO 10724 --- [RMI TCP Connection(12)-127.0.0.1] j.LocalContainerEntityManagerFactoryBean : Closing JPA EntityManagerFactory for persistence unit 'default'
2021-04-25 18:02:52.376  INFO 10724 --- [RMI TCP Connection(12)-127.0.0.1] o.s.s.concurrent.ThreadPoolTaskExecutor  : Shutting down ExecutorService 'applicationTaskExecutor'
2021-04-25 18:02:52.377  INFO 10724 --- [RMI TCP Connection(12)-127.0.0.1] com.zaxxer.hikari.HikariDataSource       : HikariPool-1 - Shutdown initiated...
2021-04-25 18:02:52.381  INFO 10724 --- [RMI TCP Connection(12)-127.0.0.1] com.zaxxer.hikari.HikariDataSource       : HikariPool-1 - Shutdown completed.
